{"logLevel":"debug","message":"multithreading is set to false"}
{"logLevel":"debug","message":"Using reflection to scan dependencies for gauge implementations..."}
SLF4J: Failed to load class "org.slf4j.impl.StaticLoggerBinder".
SLF4J: Defaulting to no-operation (NOP) logger implementation
SLF4J: See http://www.slf4j.org/codes.html#StaticLoggerBinder for further details.
{"logLevel":"debug","message":"gauge-java took 1542milliseconds to load and scan. This should be less than 'runner_connection_timeout' config value."}
{"logLevel":"debug","message":"run 'gauge config runner_connection_timeout' and verify that it is < 1542"}
{"logLevel":"debug","message":"starting gRPC server..."}
{"logLevel":"debug","message":"started gRPC server on port 57434"}
{"logLevel":"info","message":"Listening on port:57434"}
{"logLevel":"debug","message":"Scanning packages for steps"}
{"logLevel":"debug","message":"Comparing 'org.example.StepImplementation.gotoLoginPage' and 'org.example.StepImplementation.gotoLoginPage'"}
{"logLevel":"debug","message":"Found Go to Dillard's Login Page in current project scope."}
{"logLevel":"debug","message":"Comparing 'org.example.StepImplementation.ensureLoginPageIsDisplayed' and 'org.example.StepImplementation.ensureLoginPageIsDisplayed'"}
{"logLevel":"debug","message":"Found Ensure Login Page is displayed in current project scope."}
{"logLevel":"debug","message":"Comparing 'org.example.StepImplementation.implementation1' and 'org.example.StepImplementation.implementation1'"}
{"logLevel":"debug","message":"Found Open the Dillard's homepage in current project scope."}
{"logLevel":"debug","message":"Scanning packages for hooks"}
{"logLevel":"debug","message":"Scanned steps (using static parsing + reflections): "}
{"logLevel":"debug","message":"\tOpen the Dillard's homepage : public void implementation1()"}
{"logLevel":"debug","message":"\tEnsure Login Page is displayed : public void ensureLoginPageIsDisplayed() throws InterruptedException"}
{"logLevel":"debug","message":"\tGo to Dillard's Login Page : public void gotoLoginPage() throws InterruptedException"}
Starting ChromeDriver 91.0.4472.101 (af52a90bf87030dd1523486a1cd3ae25c5d76c9b-refs/branch-heads/4472@{#1462}) on port 38571
Only local connections are allowed.
Please see https://chromedriver.chromium.org/security-considerations for suggestions on keeping ChromeDriver safe.
ChromeDriver was started successfully.
Jul 01, 2021 11:47:31 PM org.openqa.selenium.remote.ProtocolHandshake createSession
INFO: Detected dialect: W3C
{"logLevel":"debug","message":"Executing 'Open the Dillard's homepage' using 'class org.example.StepImplementation.implementation1"}
{"logLevel":"debug","message":"Executing 'Go to Dillard's Login Page' using 'class org.example.StepImplementation.gotoLoginPage"}
{"logLevel":"debug","message":"Executing 'Ensure Login Page is displayed' using 'class org.example.StepImplementation.ensureLoginPageIsDisplayed"}
{"logLevel":"debug","message":"Killing Java runner..."}
{"logLevel":"debug","message":"Stopping execution pool..."}
{"logLevel":"debug","message":"Shutting down grpc server..."}
{"logLevel":"debug","message":"Runner killed gracefully."}
